TN:
SF:src/controllers/driverController.js
FN:8,(anonymous_0)
FN:99,(anonymous_1)
FN:124,(anonymous_2)
FN:154,(anonymous_3)
FN:207,(anonymous_4)
FNF:5
FNH:3
FNDA:4,(anonymous_0)
FNDA:0,(anonymous_1)
FNDA:0,(anonymous_2)
FNDA:2,(anonymous_3)
FNDA:2,(anonymous_4)
DA:1,1
DA:2,1
DA:3,1
DA:8,1
DA:9,4
DA:11,4
DA:12,4
DA:13,4
DA:21,0
DA:22,0
DA:24,0
DA:31,0
DA:32,0
DA:39,0
DA:40,0
DA:41,0
DA:48,0
DA:49,0
DA:52,0
DA:71,0
DA:77,0
DA:88,0
DA:89,0
DA:99,1
DA:100,0
DA:101,0
DA:102,0
DA:103,0
DA:109,0
DA:114,0
DA:124,1
DA:125,0
DA:126,0
DA:127,0
DA:133,0
DA:139,0
DA:144,0
DA:154,1
DA:155,2
DA:156,2
DA:157,2
DA:160,2
DA:161,2
DA:162,1
DA:168,1
DA:169,1
DA:170,0
DA:176,1
DA:177,1
DA:180,1
DA:186,1
DA:196,0
DA:197,0
DA:207,1
DA:208,2
DA:209,2
DA:210,2
DA:212,2
DA:213,1
DA:219,1
DA:225,1
DA:228,1
DA:238,1
DA:243,0
LF:64
LH:33
BRDA:12,0,0,4
BRDA:12,0,1,0
BRDA:12,1,0,4
BRDA:12,1,1,0
BRDA:12,1,2,0
BRDA:12,1,3,0
BRDA:22,2,0,0
BRDA:22,2,1,0
BRDA:31,3,0,0
BRDA:31,3,1,0
BRDA:31,4,0,0
BRDA:31,4,1,0
BRDA:31,4,2,0
BRDA:40,5,0,0
BRDA:40,5,1,0
BRDA:102,6,0,0
BRDA:102,6,1,0
BRDA:161,7,0,1
BRDA:161,7,1,1
BRDA:169,8,0,0
BRDA:169,8,1,1
BRDA:212,9,0,1
BRDA:212,9,1,1
BRF:23
BRH:7
end_of_record
TN:
SF:src/controllers/restaurantController.js
FN:8,(anonymous_0)
FN:111,(anonymous_1)
FN:136,(anonymous_2)
FN:168,(anonymous_3)
FN:221,(anonymous_4)
FNF:5
FNH:3
FNDA:4,(anonymous_0)
FNDA:0,(anonymous_1)
FNDA:0,(anonymous_2)
FNDA:2,(anonymous_3)
FNDA:2,(anonymous_4)
DA:1,1
DA:2,1
DA:3,1
DA:8,1
DA:9,4
DA:11,4
DA:12,4
DA:13,4
DA:21,0
DA:22,0
DA:24,0
DA:31,0
DA:32,0
DA:39,0
DA:40,0
DA:41,0
DA:48,0
DA:49,0
DA:50,0
DA:51,0
DA:54,0
DA:82,0
DA:88,0
DA:100,0
DA:101,0
DA:111,1
DA:112,0
DA:113,0
DA:114,0
DA:115,0
DA:121,0
DA:126,0
DA:136,1
DA:137,0
DA:138,0
DA:140,0
DA:147,0
DA:153,0
DA:158,0
DA:168,1
DA:169,2
DA:170,2
DA:171,2
DA:174,2
DA:175,2
DA:176,1
DA:182,1
DA:183,1
DA:184,0
DA:190,1
DA:191,1
DA:194,1
DA:200,1
DA:210,0
DA:211,0
DA:221,1
DA:222,2
DA:223,2
DA:224,2
DA:226,2
DA:227,1
DA:233,1
DA:239,1
DA:242,1
DA:252,1
DA:257,0
LF:66
LH:33
BRDA:12,0,0,4
BRDA:12,0,1,0
BRDA:12,1,0,4
BRDA:12,1,1,0
BRDA:12,1,2,0
BRDA:12,1,3,0
BRDA:12,1,4,0
BRDA:22,2,0,0
BRDA:22,2,1,0
BRDA:31,3,0,0
BRDA:31,3,1,0
BRDA:31,4,0,0
BRDA:31,4,1,0
BRDA:31,4,2,0
BRDA:31,4,3,0
BRDA:31,4,4,0
BRDA:40,5,0,0
BRDA:40,5,1,0
BRDA:114,6,0,0
BRDA:114,6,1,0
BRDA:175,7,0,1
BRDA:175,7,1,1
BRDA:183,8,0,0
BRDA:183,8,1,1
BRDA:226,9,0,1
BRDA:226,9,1,1
BRF:26
BRH:7
end_of_record
TN:
SF:src/middleware/upload.js
FN:5,(anonymous_0)
FNF:1
FNH:0
FNDA:0,(anonymous_0)
DA:1,2
DA:3,2
DA:5,2
DA:7,0
DA:8,0
DA:9,0
DA:13,0
DA:17,0
DA:19,0
DA:23,2
DA:31,2
LF:11
LH:5
BRDA:7,0,0,0
BRDA:7,0,1,0
BRDA:13,1,0,0
BRDA:13,1,1,0
BRDA:13,2,0,0
BRDA:13,2,1,0
BRDA:13,2,2,0
BRDA:13,2,3,0
BRF:8
BRH:0
end_of_record
TN:
SF:src/routes/drivers.js
FNF:0
FNH:0
DA:1,1
DA:2,1
DA:3,1
DA:4,1
DA:11,1
DA:14,1
DA:20,1
DA:23,1
DA:26,1
DA:29,1
DA:31,1
LF:11
LH:11
BRF:0
BRH:0
end_of_record
TN:
SF:src/routes/restaurants.js
FNF:0
FNH:0
DA:1,1
DA:2,1
DA:3,1
DA:4,1
DA:11,1
DA:14,1
DA:22,1
DA:25,1
DA:28,1
DA:31,1
DA:33,1
LF:11
LH:11
BRF:0
BRH:0
end_of_record
